(---------------------------------------------------------------------)
(                                                                     )
(    NC DRILL Log                                                     )
(                                                                     )
(    Drawing          : DIAPAZON880cpy2.brd                           )
(    Software Version : 17.2S025                                      )
(    Date/Time        : Fri Sep 05 11:54:43 2025                      )
(                                                                     )
(---------------------------------------------------------------------)



 Processing NC Parameters file 'nc_param.txt' ...

 NC PARAMETERS
 -------------

 FORMAT   		2.5
 MACHINE-OFFSET		x:0.00000	y:0.00000   (inch)
 FEEDRATE		1
 COORDINATES		ABSOLUTE
 OUTPUT-UNITS		ENGLISH
 TOOL-ORDER		INCREASING
 REPEAT-CODES		YES
 SUPPRESS-LEAD-ZEROES	NO
 SUPPRESS-TRAIL-ZEROES	NO
 SUPPRESS-EQUAL		NO
 TOOL-SELECT		NO
 HEADER			none
 LEADER			12
 CODE			ASCII
 SEPARATE		NO
 SEPARATE-ROUTING	NO
 OPTIMIZE_DRILLING	NO
 ENHANCED_EXCELLON	NO
 SCALE			1.000000

 WARNING(SPMHMF-358): Design precision is the same as that of the drill output file data.
 WARNING(SPMHMF-359): Data rounding errors may still be possible.


 Drill files being output to directory 'C:/Users/BY ASUS/Documents/proiect_tie_diapazon/allegro' ...



     'diapazon_ncdrill-1-2.drl' created for holes connecting TOP and BOTTOM
     ----------------------------------------------------------------------

           Num     Size      +/- Tolerance     Plating   Quantity

            1.  13.0000    0.0000/  0.0000      PLATED         16
            2.  36.0000    0.0000/  0.0000      PLATED          4
            3.  51.1800    0.0000/  0.0000      PLATED          3
            4. 125.9800    0.0000/  0.0000  NON_PLATED          1
            5. 126.0000    0.0000/  0.0000  NON_PLATED          4

     ---- Total holes:                                         28

     ---- Total head travel:              1.70 feet (0.52 meters)

