(---------------------------------------------------------------------)
(                                                                     )
(    ARTWORK LOG                                                      )
(                                                                     )
(    Drawing          : DIAPAZON880cpy2.brd                           )
(    Software Version : 17.2S025                                      )
(    Date/Time        : Wed Sep 03 21:10:53 2025                      )
(                                                                     )
(---------------------------------------------------------------------)


 ---- Photoplot outline rectangle not found; using drawing extents.




 Can't open parameter file ... using default values:
     DEVICE-TYPE        GERBER6X00
     G-CODES            NO
     STATIONS-PER-WHEEL 24
     FILM-SIZE          24000 16000
     COORDINATES        ABSOLUTE
     OUTPUT-UNITS       INCHES
     FORMAT             5.3
     ABORT-ON-ERROR     abort film & continue
     SUPPRESS-LEAD-ZEROES     YES
     SUPPRESS-TRAIL-ZEROES    NO
     OPTIMIZE           YES
     SUPPRESS-EQUAL     YES
     SCALE              1.0





================================================================
     PROCESSING FILM < TOPL >
     TO FILE < C:/Users/BY ASUS/Documents/proiect_tie_diapazon/allegro/TOPL.art > ...
================================================================

  FILM PARAMETERS :
  ---------------------------------------------------------
  Undefined line width                0.00
  Mirror code                         NONE
  Rotate angle                        NONE
  Offset x:                           0.00
  Offset y:                           0.00
  Plot negative                       NO
  Suppress unconnected internal pads  NO
  Draw holes only                     NO

    WARNING: Null REGULAR-PAD specified for padstack C160_H320 at (11296.85 12500.00).
    WARNING: rectangle or unfilled shape composed 0 width line found at (12859.00 10735.00)
           ... ignored.



  APERTURES USED:
  ---------------------------------------------------------
  TYPE       SIZE/NAME                   ROT   MIRROR MODE 
  ---------------------------------------------------------
  CIRCLE     0.01600                                  DARK 
  CIRCLE     0.02400                                  DARK 
  CIRCLE     0.04000                                  DARK 
  CIRCLE     0.06000                                  DARK 
  CIRCLE     0.07677                                  DARK 
  CIRCLE     0.14000                                  DARK 
  SQUARE     0.05000                     0.000 NO     DARK 
  SQUARE     0.06000                     0.000 NO     DARK 
  RECTANGLE  0.03800     x 0.03200       0.000 NO     DARK 
  RECTANGLE  0.06100     x 0.02360       0.000 NO     DARK 
  RECTANGLE  0.06700     x 0.02750       0.000 NO     DARK 
  RECTANGLE  0.07870     x 0.02360       0.000 NO     DARK 
  RECTANGLE  0.21650     x 0.15550      90.000 NO     DARK 

     TOPL created with warnings


================================================================
     PROCESSING FILM < BOTTOML >
     TO FILE < C:/Users/BY ASUS/Documents/proiect_tie_diapazon/allegro/BOTTOML.art > ...
================================================================

  FILM PARAMETERS :
  ---------------------------------------------------------
  Undefined line width                0.00
  Mirror code                         NONE
  Rotate angle                        NONE
  Offset x:                           0.00
  Offset y:                           0.00
  Plot negative                       NO
  Suppress unconnected internal pads  NO
  Draw holes only                     NO

    WARNING: Null REGULAR-PAD specified for padstack C160_H320 at (11296.85 12500.00).
    WARNING: rectangle or unfilled shape having Multiple 0 width lines; all will be treated the same as the first.
           ... ignored.



  APERTURES USED:
  ---------------------------------------------------------
  TYPE       SIZE/NAME                   ROT   MIRROR MODE 
  ---------------------------------------------------------
  CIRCLE     0.01600                                  DARK 
  CIRCLE     0.02400                                  DARK 
  CIRCLE     0.04000                                  DARK 
  CIRCLE     0.06000                                  DARK 
  CIRCLE     0.07677                                  DARK 
  CIRCLE     0.14000                                  DARK 

     BOTTOML created with warnings


================================================================
     PROCESSING FILM < SOLDERMASK_TOP >
     TO FILE < C:/Users/BY ASUS/Documents/proiect_tie_diapazon/allegro/SOLDERMASK_TOP.art > ...
================================================================

  FILM PARAMETERS :
  ---------------------------------------------------------
  Undefined line width                0.00
  Mirror code                         NONE
  Rotate angle                        NONE
  Offset x:                           0.00
  Offset y:                           0.00
  Plot negative                       NO
  Suppress unconnected internal pads  NO
  Draw holes only                     NO



  APERTURES USED:
  ---------------------------------------------------------
  TYPE       SIZE/NAME                   ROT   MIRROR MODE 
  ---------------------------------------------------------
  CIRCLE     0.04400                                  DARK 
  CIRCLE     0.07500                                  DARK 
  CIRCLE     0.15000                                  DARK 
  SQUARE     0.05000                     0.000 NO     DARK 
  SQUARE     0.06000                     0.000 NO     DARK 
  RECTANGLE  0.03800     x 0.03200       0.000 NO     DARK 
  RECTANGLE  0.06100     x 0.02360       0.000 NO     DARK 
  RECTANGLE  0.06700     x 0.02750       0.000 NO     DARK 
  RECTANGLE  0.07870     x 0.02360       0.000 NO     DARK 
  RECTANGLE  0.21650     x 0.15550      90.000 NO     DARK 

     SOLDERMASK_TOP created with warnings


================================================================
     PROCESSING FILM < SOLDERMASK_BOTTOM >
     TO FILE < C:/Users/BY ASUS/Documents/proiect_tie_diapazon/allegro/SOLDERMASK_BOTTOM.art > ...
================================================================

  FILM PARAMETERS :
  ---------------------------------------------------------
  Undefined line width                0.00
  Mirror code                         NONE
  Rotate angle                        NONE
  Offset x:                           0.00
  Offset y:                           0.00
  Plot negative                       NO
  Suppress unconnected internal pads  NO
  Draw holes only                     NO

    WARNING: Null REGULAR-PAD specified for padstack C160_H320 at (11296.85 12500.00).


  APERTURES USED:
  ---------------------------------------------------------
  TYPE       SIZE/NAME                   ROT   MIRROR MODE 
  ---------------------------------------------------------
  CIRCLE     0.02400                                  DARK 
  CIRCLE     0.06000                                  DARK 
  CIRCLE     0.07677                                  DARK 
  CIRCLE     0.14000                                  DARK 

     SOLDERMASK_BOTTOM created with warnings


================================================================
     PROCESSING FILM < SILKSCREEN_TOP >
     TO FILE < C:/Users/BY ASUS/Documents/proiect_tie_diapazon/allegro/SILKSCREEN_TOP.art > ...
================================================================

  FILM PARAMETERS :
  ---------------------------------------------------------
  Undefined line width                0.00
  Mirror code                         NONE
  Rotate angle                        NONE
  Offset x:                           0.00
  Offset y:                           0.00
  Plot negative                       NO
  Suppress unconnected internal pads  NO
  Draw holes only                     NO

    WARNING: text composed 0 width line found at (10400.00 11447.50)
           ... ignored.

    WARNING: text having Multiple 0 width lines; all will be treated the same as the first.
           ... ignored.

    WARNING: 0 width line found at (11350.39 11593.31)
           ... ignored.

    WARNING: Multiple 0 width lines; all will be treated the same as the first.
           ... ignored.



  APERTURES USED:
  ---------------------------------------------------------
  TYPE       SIZE/NAME                   ROT   MIRROR MODE 
  ---------------------------------------------------------
  CIRCLE     0.00600                                  DARK 
  CIRCLE     0.00787                                  DARK 

     SILKSCREEN_TOP created with warnings


================================================================
     PROCESSING FILM < BOARD_OUTLINE >
     TO FILE < C:/Users/BY ASUS/Documents/proiect_tie_diapazon/allegro/BOARD_OUTLINE.art > ...
================================================================

  FILM PARAMETERS :
  ---------------------------------------------------------
  Undefined line width                0.00
  Mirror code                         NONE
  Rotate angle                        NONE
  Offset x:                           0.00
  Offset y:                           0.00
  Plot negative                       NO
  Suppress unconnected internal pads  NO
  Draw holes only                     NO

    WARNING: Film contains layer VIA KEEPOUT/ALL that should not normally be used etch (conductor) layers.
    WARNING: Film contains layer VIA KEEPOUT/BOTTOM that should not normally be used etch (conductor) layers.
    WARNING: Film contains layer VIA KEEPOUT/TOP that should not normally be used etch (conductor) layers.
    WARNING: Film contains layer ROUTE KEEPOUT/ALL that should not normally be used etch (conductor) layers.
    WARNING: Film contains layer ROUTE KEEPOUT/BOTTOM that should not normally be used etch (conductor) layers.
    WARNING: Film contains layer ROUTE KEEPOUT/TOP that should not normally be used etch (conductor) layers.
    WARNING: Film contains layer ROUTE KEEPIN/ALL that should not normally be used etch (conductor) layers.
    WARNING: Film contains layer PACKAGE KEEPOUT/ALL that should not normally be used etch (conductor) layers.
    WARNING: Film contains layer PACKAGE KEEPOUT/TOP that should not normally be used etch (conductor) layers.
    WARNING: Film contains layer PACKAGE KEEPOUT/BOTTOM that should not normally be used etch (conductor) layers.
    WARNING: Film contains layer PACKAGE KEEPIN/ALL that should not normally be used etch (conductor) layers.
           
    WARNING: more than one pin class in film record
    WARNING: more than one via class in film record
    WARNING: more than one etch class in film record
    WARNING: Null REGULAR-PAD specified for padstack PROIECT_GP_3V2-126 at (10450.00 10875.00).
    WARNING: Null REGULAR-PAD specified for padstack PROIECT_GP_3V2-126 at (10450.00 10875.00).
    WARNING: Null REGULAR-PAD specified for padstack PROIECT_GP_3V2-126 at (10450.00 10875.00).
    WARNING: Null REGULAR-PAD specified for padstack PROIECT_GP_3V2-126 at (10450.00 10875.00).
    WARNING: Null REGULAR-PAD specified for padstack PROIECT_GP_3V2-126 at (10450.00 12750.00).
    WARNING: Null REGULAR-PAD specified for padstack PROIECT_GP_3V2-126 at (10450.00 12750.00).
    WARNING: Null REGULAR-PAD specified for padstack PROIECT_GP_3V2-126 at (10450.00 12750.00).
    WARNING: Null REGULAR-PAD specified for padstack PROIECT_GP_3V2-126 at (10450.00 12750.00).
    WARNING: Null REGULAR-PAD specified for padstack PAD60CIR36D at (10700.00 11300.00).
    WARNING: Null REGULAR-PAD specified for padstack PAD60CIR36D at (10700.00 11300.00).
    WARNING: Null REGULAR-PAD specified for padstack PAD60CIR36D at (10700.00 11300.00).
    WARNING: Null REGULAR-PAD specified for padstack PAD60CIR36D at (10700.00 11300.00).
    WARNING: Null REGULAR-PAD specified for padstack PAD60CIR36D at (10700.00 11200.00).
    WARNING: Null REGULAR-PAD specified for padstack PAD60CIR36D at (10700.00 11200.00).
    WARNING: Null REGULAR-PAD specified for padstack PAD60CIR36D at (10700.00 11200.00).
    WARNING: Null REGULAR-PAD specified for padstack PAD60CIR36D at (10700.00 11200.00).
    WARNING: Null REGULAR-PAD specified for padstack PAD60CIR36D at (10700.00 12400.00).
    WARNING: Null REGULAR-PAD specified for padstack PAD60CIR36D at (10700.00 12400.00).
    WARNING: Null REGULAR-PAD specified for padstack PAD60CIR36D at (10700.00 12400.00).
    WARNING: Null REGULAR-PAD specified for padstack PAD60CIR36D at (10700.00 12400.00).
    WARNING: Null REGULAR-PAD specified for padstack PAD60CIR36D at (10700.00 12500.00).
    WARNING: Null REGULAR-PAD specified for padstack PAD60CIR36D at (10700.00 12500.00).
    WARNING: Null REGULAR-PAD specified for padstack PAD60CIR36D at (10700.00 12500.00).
    WARNING: Null REGULAR-PAD specified for padstack PAD60CIR36D at (10700.00 12500.00).
    WARNING: Null REGULAR-PAD specified for padstack SM_LLB_PAD10_1 at (11100.00 11070.00).
    WARNING: Null REGULAR-PAD specified for padstack SM_LLB_PAD10_1 at (11100.00 11070.00).
    WARNING: Null REGULAR-PAD specified for padstack SM_LLB_PAD10_1 at (11100.00 11070.00).
    WARNING: Null REGULAR-PAD specified for padstack SM_LLB_PAD10_1 at (11100.00 11070.00).
    WARNING: Null REGULAR-PAD specified for padstack SM_LLB_PAD10_1 at (11100.00 11070.00).
    WARNING: Null REGULAR-PAD specified for padstack SM_LLB_PAD9_1 at (11100.00 11200.00).
    WARNING: Null REGULAR-PAD specified for padstack SM_LLB_PAD9_1 at (11100.00 11200.00).
    WARNING: Null REGULAR-PAD specified for padstack SM_LLB_PAD9_1 at (11100.00 11200.00).
    WARNING: Null REGULAR-PAD specified for padstack SM_LLB_PAD9_1 at (11100.00 11200.00).
    WARNING: Null REGULAR-PAD specified for padstack SM_LLB_PAD9_1 at (11100.00 11200.00).
    WARNING: Null REGULAR-PAD specified for padstack SM_LIB_PAD5 at (10900.00 11600.00).
    WARNING: Null REGULAR-PAD specified for padstack SM_LIB_PAD5 at (10900.00 11600.00).
    WARNING: Null REGULAR-PAD specified for padstack SM_LIB_PAD5 at (10900.00 11600.00).
    WARNING: Null REGULAR-PAD specified for padstack SM_LIB_PAD5 at (10900.00 11600.00).
    WARNING: Null REGULAR-PAD specified for padstack SM_LIB_PAD5 at (10900.00 11600.00).
    WARNING: Null REGULAR-PAD specified for padstack SM_LIB_PAD5 at (10984.00 11600.00).
    WARNING: Null REGULAR-PAD specified for padstack SM_LIB_PAD5 at (10984.00 11600.00).
    WARNING: Null REGULAR-PAD specified for padstack SM_LIB_PAD5 at (10984.00 11600.00).
    WARNING: Null REGULAR-PAD specified for padstack SM_LIB_PAD5 at (10984.00 11600.00).
    WARNING: Null REGULAR-PAD specified for padstack SM_LIB_PAD5 at (10984.00 11600.00).
    WARNING: Null REGULAR-PAD specified for padstack SM_LLB_PAD9_1 at (11000.00 11800.00).
    WARNING: Null REGULAR-PAD specified for padstack SM_LLB_PAD9_1 at (11000.00 11800.00).
    WARNING: Null REGULAR-PAD specified for padstack SM_LLB_PAD9_1 at (11000.00 11800.00).
    WARNING: Null REGULAR-PAD specified for padstack SM_LLB_PAD9_1 at (11000.00 11800.00).
    WARNING: Null REGULAR-PAD specified for padstack SM_LLB_PAD9_1 at (11000.00 11800.00).
    WARNING: Null REGULAR-PAD specified for padstack SM_LLB_PAD10_1 at (11000.00 11930.00).
    WARNING: Null REGULAR-PAD specified for padstack SM_LLB_PAD10_1 at (11000.00 11930.00).
    WARNING: Null REGULAR-PAD specified for padstack SM_LLB_PAD10_1 at (11000.00 11930.00).
    WARNING: Null REGULAR-PAD specified for padstack SM_LLB_PAD10_1 at (11000.00 11930.00).
    WARNING: Null REGULAR-PAD specified for padstack SM_LLB_PAD10_1 at (11000.00 11930.00).
    WARNING: Null REGULAR-PAD specified for padstack C195_H130 at (11100.00 12500.00).
    WARNING: Null REGULAR-PAD specified for padstack C195_H130 at (11100.00 12500.00).
    WARNING: Null REGULAR-PAD specified for padstack C195_H130 at (11100.00 12500.00).
    WARNING: Null REGULAR-PAD specified for padstack C195_H130 at (11100.00 12500.00).
    WARNING: Null REGULAR-PAD specified for padstack C195_H130 at (11100.00 12500.00).
    WARNING: Null REGULAR-PAD specified for padstack C195_H130 at (11100.00 12500.00).
    WARNING: Null REGULAR-PAD specified for padstack CD4013PAD at (11400.00 11050.00).
    WARNING: Null REGULAR-PAD specified for padstack CD4013PAD at (11400.00 11050.00).
    WARNING: Null REGULAR-PAD specified for padstack CD4013PAD at (11400.00 11050.00).
    WARNING: Null REGULAR-PAD specified for padstack CD4013PAD at (11400.00 11050.00).
    WARNING: Null REGULAR-PAD specified for padstack CD4013PAD at (11400.00 11050.00).
    WARNING: Null REGULAR-PAD specified for padstack CD4013PAD at (11400.00 11100.00).
    WARNING: Null REGULAR-PAD specified for padstack CD4013PAD at (11400.00 11100.00).
    WARNING: Null REGULAR-PAD specified for padstack CD4013PAD at (11400.00 11100.00).
    WARNING: Null REGULAR-PAD specified for padstack CD4013PAD at (11400.00 11100.00).
    WARNING: Null REGULAR-PAD specified for padstack CD4013PAD at (11400.00 11100.00).
    WARNING: Null REGULAR-PAD specified for padstack CD4013PAD at (11400.00 11150.00).
    WARNING: Null REGULAR-PAD specified for padstack CD4013PAD at (11400.00 11150.00).
    WARNING: Null REGULAR-PAD specified for padstack CD4013PAD at (11400.00 11150.00).
    WARNING: Null REGULAR-PAD specified for padstack CD4013PAD at (11400.00 11150.00).
    WARNING: Null REGULAR-PAD specified for padstack CD4013PAD at (11400.00 11150.00).
    WARNING: Null REGULAR-PAD specified for padstack CD4013PAD at (11400.00 11200.00).
    WARNING: Null REGULAR-PAD specified for padstack CD4013PAD at (11400.00 11200.00).
    WARNING: Null REGULAR-PAD specified for padstack CD4013PAD at (11400.00 11200.00).
    WARNING: Null REGULAR-PAD specified for padstack CD4013PAD at (11400.00 11200.00).
    WARNING: Null REGULAR-PAD specified for padstack CD4013PAD at (11400.00 11200.00).
    WARNING: Null REGULAR-PAD specified for padstack CD4013PAD at (11400.00 11250.00).
    WARNING: Null REGULAR-PAD specified for padstack CD4013PAD at (11400.00 11250.00).
    WARNING: Null REGULAR-PAD specified for padstack CD4013PAD at (11400.00 11250.00).
    WARNING: Null REGULAR-PAD specified for padstack CD4013PAD at (11400.00 11250.00).
    WARNING: Null REGULAR-PAD specified for padstack CD4013PAD at (11400.00 11250.00).
    WARNING: Null REGULAR-PAD specified for padstack CD4013PAD at (11400.00 11300.00).
    WARNING: Null REGULAR-PAD specified for padstack CD4013PAD at (11400.00 11300.00).
    WARNING: Null REGULAR-PAD specified for padstack CD4013PAD at (11400.00 11300.00).
    WARNING: Null REGULAR-PAD specified for padstack CD4013PAD at (11400.00 11300.00).
    WARNING: Null REGULAR-PAD specified for padstack CD4013PAD at (11400.00 11300.00).
    WARNING: Null REGULAR-PAD specified for padstack CD4013PAD at (11400.00 11350.00).
    WARNING: Null REGULAR-PAD specified for padstack CD4013PAD at (11400.00 11350.00).
    WARNING: Null REGULAR-PAD specified for padstack CD4013PAD at (11400.00 11350.00).
    WARNING: Null REGULAR-PAD specified for padstack CD4013PAD at (11400.00 11350.00).
    WARNING: Null REGULAR-PAD specified for padstack CD4013PAD at (11400.00 11350.00).
    WARNING: Null REGULAR-PAD specified for padstack VIA at (11250.00 11200.00).
    WARNING: Null REGULAR-PAD specified for padstack VIA at (11250.00 11200.00).
    WARNING: Null REGULAR-PAD specified for padstack VIA at (11250.00 11200.00).
    WARNING: Null REGULAR-PAD specified for padstack VIA at (11250.00 11200.00).
    WARNING: Null REGULAR-PAD specified for padstack P4049_PADS at (11320.57 11625.00).
    WARNING: Null REGULAR-PAD specified for padstack P4049_PADS at (11320.57 11625.00).
    WARNING: Null REGULAR-PAD specified for padstack P4049_PADS at (11320.57 11625.00).
    WARNING: Null REGULAR-PAD specified for padstack P4049_PADS at (11320.57 11625.00).
    WARNING: Null REGULAR-PAD specified for padstack P4049_PADS at (11320.57 11625.00).
    WARNING: Null REGULAR-PAD specified for padstack P4049_PADS at (11320.57 11675.00).
    WARNING: Null REGULAR-PAD specified for padstack P4049_PADS at (11320.57 11675.00).
    WARNING: Null REGULAR-PAD specified for padstack P4049_PADS at (11320.57 11675.00).
    WARNING: Null REGULAR-PAD specified for padstack P4049_PADS at (11320.57 11675.00).
    WARNING: Null REGULAR-PAD specified for padstack P4049_PADS at (11320.57 11675.00).
    WARNING: Null REGULAR-PAD specified for padstack VIA at (11225.00 11625.00).
    WARNING: Null REGULAR-PAD specified for padstack VIA at (11225.00 11625.00).
    WARNING: Null REGULAR-PAD specified for padstack VIA at (11225.00 11625.00).
    WARNING: Null REGULAR-PAD specified for padstack VIA at (11225.00 11625.00).
    WARNING: Null REGULAR-PAD specified for padstack P4049_PADS at (11320.57 11725.00).
    WARNING: Null REGULAR-PAD specified for padstack P4049_PADS at (11320.57 11725.00).
    WARNING: Null REGULAR-PAD specified for padstack P4049_PADS at (11320.57 11725.00).
    WARNING: Null REGULAR-PAD specified for padstack P4049_PADS at (11320.57 11725.00).
    WARNING: Null REGULAR-PAD specified for padstack P4049_PADS at (11320.57 11725.00).
    WARNING: Null REGULAR-PAD specified for padstack P4049_PADS at (11320.57 11775.00).
    WARNING: Null REGULAR-PAD specified for padstack P4049_PADS at (11320.57 11775.00).
    WARNING: Null REGULAR-PAD specified for padstack P4049_PADS at (11320.57 11775.00).
    WARNING: Null REGULAR-PAD specified for padstack P4049_PADS at (11320.57 11775.00).
    WARNING: Null REGULAR-PAD specified for padstack P4049_PADS at (11320.57 11775.00).
    WARNING: Null REGULAR-PAD specified for padstack P4049_PADS at (11320.57 11825.00).
    WARNING: Null REGULAR-PAD specified for padstack P4049_PADS at (11320.57 11825.00).
    WARNING: Null REGULAR-PAD specified for padstack P4049_PADS at (11320.57 11825.00).
    WARNING: Null REGULAR-PAD specified for padstack P4049_PADS at (11320.57 11825.00).
    WARNING: Null REGULAR-PAD specified for padstack P4049_PADS at (11320.57 11825.00).
    WARNING: Null REGULAR-PAD specified for padstack P4049_PADS at (11320.57 11875.00).
    WARNING: Null REGULAR-PAD specified for padstack P4049_PADS at (11320.57 11875.00).
    WARNING: Null REGULAR-PAD specified for padstack P4049_PADS at (11320.57 11875.00).
    WARNING: Null REGULAR-PAD specified for padstack P4049_PADS at (11320.57 11875.00).
    WARNING: Null REGULAR-PAD specified for padstack P4049_PADS at (11320.57 11875.00).
    WARNING: Null REGULAR-PAD specified for padstack P4049_PADS at (11320.57 11925.00).
    WARNING: Null REGULAR-PAD specified for padstack P4049_PADS at (11320.57 11925.00).
    WARNING: Null REGULAR-PAD specified for padstack P4049_PADS at (11320.57 11925.00).
    WARNING: Null REGULAR-PAD specified for padstack P4049_PADS at (11320.57 11925.00).
    WARNING: Null REGULAR-PAD specified for padstack P4049_PADS at (11320.57 11925.00).
    WARNING: Null REGULAR-PAD specified for padstack P4049_PADS at (11320.57 11975.00).
    WARNING: Null REGULAR-PAD specified for padstack P4049_PADS at (11320.57 11975.00).
    WARNING: Null REGULAR-PAD specified for padstack P4049_PADS at (11320.57 11975.00).
    WARNING: Null REGULAR-PAD specified for padstack P4049_PADS at (11320.57 11975.00).
    WARNING: Null REGULAR-PAD specified for padstack P4049_PADS at (11320.57 11975.00).
    WARNING: Null REGULAR-PAD specified for padstack VIA at (11175.00 11975.00).
    WARNING: Null REGULAR-PAD specified for padstack VIA at (11175.00 11975.00).
    WARNING: Null REGULAR-PAD specified for padstack VIA at (11175.00 11975.00).
    WARNING: Null REGULAR-PAD specified for padstack VIA at (11175.00 11975.00).
    WARNING: Null REGULAR-PAD specified for padstack VIA at (11400.00 11725.00).
    WARNING: Null REGULAR-PAD specified for padstack VIA at (11400.00 11725.00).
    WARNING: Null REGULAR-PAD specified for padstack VIA at (11400.00 11725.00).
    WARNING: Null REGULAR-PAD specified for padstack VIA at (11400.00 11725.00).
    WARNING: Null REGULAR-PAD specified for padstack C195_H130 at (11296.85 12303.15).
    WARNING: Null REGULAR-PAD specified for padstack C195_H130 at (11296.85 12303.15).
    WARNING: Null REGULAR-PAD specified for padstack C195_H130 at (11296.85 12303.15).
    WARNING: Null REGULAR-PAD specified for padstack C195_H130 at (11296.85 12303.15).
    WARNING: Null REGULAR-PAD specified for padstack C195_H130 at (11296.85 12303.15).
    WARNING: Null REGULAR-PAD specified for padstack C195_H130 at (11296.85 12303.15).
    WARNING: Null REGULAR-PAD specified for padstack C160_H320 at (11296.85 12500.00).
    WARNING: Null REGULAR-PAD specified for padstack C160_H320 at (11296.85 12500.00).
    WARNING: Null REGULAR-PAD specified for padstack C160_H320 at (11296.85 12500.00).
    WARNING: Null REGULAR-PAD specified for padstack C160_H320 at (11296.85 12500.00).
    WARNING: Null REGULAR-PAD specified for padstack C160_H320 at (11296.85 12500.00).
    WARNING: Null REGULAR-PAD specified for padstack C160_H320 at (11296.85 12500.00).
    WARNING: Null REGULAR-PAD specified for padstack C160_H320 at (11296.85 12500.00).
    WARNING: Null REGULAR-PAD specified for padstack C160_H320 at (11296.85 12500.00).
    WARNING: Null REGULAR-PAD specified for padstack CD4013PAD at (11600.00 11100.00).
    WARNING: Null REGULAR-PAD specified for padstack CD4013PAD at (11600.00 11100.00).
    WARNING: Null REGULAR-PAD specified for padstack CD4013PAD at (11600.00 11100.00).
    WARNING: Null REGULAR-PAD specified for padstack CD4013PAD at (11600.00 11100.00).
    WARNING: Null REGULAR-PAD specified for padstack CD4013PAD at (11600.00 11100.00).
    WARNING: Null REGULAR-PAD specified for padstack CD4013PAD at (11600.00 11050.00).
    WARNING: Null REGULAR-PAD specified for padstack CD4013PAD at (11600.00 11050.00).
    WARNING: Null REGULAR-PAD specified for padstack CD4013PAD at (11600.00 11050.00).
    WARNING: Null REGULAR-PAD specified for padstack CD4013PAD at (11600.00 11050.00).
    WARNING: Null REGULAR-PAD specified for padstack CD4013PAD at (11600.00 11050.00).
    WARNING: Null REGULAR-PAD specified for padstack CD4013PAD at (11600.00 11350.00).
    WARNING: Null REGULAR-PAD specified for padstack CD4013PAD at (11600.00 11350.00).
    WARNING: Null REGULAR-PAD specified for padstack CD4013PAD at (11600.00 11350.00).
    WARNING: Null REGULAR-PAD specified for padstack CD4013PAD at (11600.00 11350.00).
    WARNING: Null REGULAR-PAD specified for padstack CD4013PAD at (11600.00 11350.00).
    WARNING: Null REGULAR-PAD specified for padstack CD4013PAD at (11600.00 11300.00).
    WARNING: Null REGULAR-PAD specified for padstack CD4013PAD at (11600.00 11300.00).
    WARNING: Null REGULAR-PAD specified for padstack CD4013PAD at (11600.00 11300.00).
    WARNING: Null REGULAR-PAD specified for padstack CD4013PAD at (11600.00 11300.00).
    WARNING: Null REGULAR-PAD specified for padstack CD4013PAD at (11600.00 11300.00).
    WARNING: Null REGULAR-PAD specified for padstack CD4013PAD at (11600.00 11250.00).
    WARNING: Null REGULAR-PAD specified for padstack CD4013PAD at (11600.00 11250.00).
    WARNING: Null REGULAR-PAD specified for padstack CD4013PAD at (11600.00 11250.00).
    WARNING: Null REGULAR-PAD specified for padstack CD4013PAD at (11600.00 11250.00).
    WARNING: Null REGULAR-PAD specified for padstack CD4013PAD at (11600.00 11250.00).
    WARNING: Null REGULAR-PAD specified for padstack CD4013PAD at (11600.00 11200.00).
    WARNING: Null REGULAR-PAD specified for padstack CD4013PAD at (11600.00 11200.00).
    WARNING: Null REGULAR-PAD specified for padstack CD4013PAD at (11600.00 11200.00).
    WARNING: Null REGULAR-PAD specified for padstack CD4013PAD at (11600.00 11200.00).
    WARNING: Null REGULAR-PAD specified for padstack CD4013PAD at (11600.00 11200.00).
    WARNING: Null REGULAR-PAD specified for padstack CD4013PAD at (11600.00 11150.00).
    WARNING: Null REGULAR-PAD specified for padstack CD4013PAD at (11600.00 11150.00).
    WARNING: Null REGULAR-PAD specified for padstack CD4013PAD at (11600.00 11150.00).
    WARNING: Null REGULAR-PAD specified for padstack CD4013PAD at (11600.00 11150.00).
    WARNING: Null REGULAR-PAD specified for padstack CD4013PAD at (11600.00 11150.00).
    WARNING: Null REGULAR-PAD specified for padstack VIA at (11550.00 11300.00).
    WARNING: Null REGULAR-PAD specified for padstack VIA at (11550.00 11300.00).
    WARNING: Null REGULAR-PAD specified for padstack VIA at (11550.00 11300.00).
    WARNING: Null REGULAR-PAD specified for padstack VIA at (11550.00 11300.00).
    WARNING: Null REGULAR-PAD specified for padstack VIA at (11700.00 11350.00).
    WARNING: Null REGULAR-PAD specified for padstack VIA at (11700.00 11350.00).
    WARNING: Null REGULAR-PAD specified for padstack VIA at (11700.00 11350.00).
    WARNING: Null REGULAR-PAD specified for padstack VIA at (11700.00 11350.00).
    WARNING: Null REGULAR-PAD specified for padstack P4049_PADS at (11679.43 11675.00).
    WARNING: Null REGULAR-PAD specified for padstack P4049_PADS at (11679.43 11675.00).
    WARNING: Null REGULAR-PAD specified for padstack P4049_PADS at (11679.43 11675.00).
    WARNING: Null REGULAR-PAD specified for padstack P4049_PADS at (11679.43 11675.00).
    WARNING: Null REGULAR-PAD specified for padstack P4049_PADS at (11679.43 11675.00).
    WARNING: Null REGULAR-PAD specified for padstack P4049_PADS at (11679.43 11625.00).
    WARNING: Null REGULAR-PAD specified for padstack P4049_PADS at (11679.43 11625.00).
    WARNING: Null REGULAR-PAD specified for padstack P4049_PADS at (11679.43 11625.00).
    WARNING: Null REGULAR-PAD specified for padstack P4049_PADS at (11679.43 11625.00).
    WARNING: Null REGULAR-PAD specified for padstack P4049_PADS at (11679.43 11625.00).
    WARNING: Null REGULAR-PAD specified for padstack VIA at (11425.00 11650.00).
    WARNING: Null REGULAR-PAD specified for padstack VIA at (11425.00 11650.00).
    WARNING: Null REGULAR-PAD specified for padstack VIA at (11425.00 11650.00).
    WARNING: Null REGULAR-PAD specified for padstack VIA at (11425.00 11650.00).
    WARNING: Null REGULAR-PAD specified for padstack P4049_PADS at (11679.43 11925.00).
    WARNING: Null REGULAR-PAD specified for padstack P4049_PADS at (11679.43 11925.00).
    WARNING: Null REGULAR-PAD specified for padstack P4049_PADS at (11679.43 11925.00).
    WARNING: Null REGULAR-PAD specified for padstack P4049_PADS at (11679.43 11925.00).
    WARNING: Null REGULAR-PAD specified for padstack P4049_PADS at (11679.43 11925.00).
    WARNING: Null REGULAR-PAD specified for padstack P4049_PADS at (11679.43 11875.00).
    WARNING: Null REGULAR-PAD specified for padstack P4049_PADS at (11679.43 11875.00).
    WARNING: Null REGULAR-PAD specified for padstack P4049_PADS at (11679.43 11875.00).
    WARNING: Null REGULAR-PAD specified for padstack P4049_PADS at (11679.43 11875.00).
    WARNING: Null REGULAR-PAD specified for padstack P4049_PADS at (11679.43 11875.00).
    WARNING: Null REGULAR-PAD specified for padstack P4049_PADS at (11679.43 11775.00).
    WARNING: Null REGULAR-PAD specified for padstack P4049_PADS at (11679.43 11775.00).
    WARNING: Null REGULAR-PAD specified for padstack P4049_PADS at (11679.43 11775.00).
    WARNING: Null REGULAR-PAD specified for padstack P4049_PADS at (11679.43 11775.00).
    WARNING: Null REGULAR-PAD specified for padstack P4049_PADS at (11679.43 11775.00).
    WARNING: Null REGULAR-PAD specified for padstack P4049_PADS at (11679.43 11725.00).
    WARNING: Null REGULAR-PAD specified for padstack P4049_PADS at (11679.43 11725.00).
    WARNING: Null REGULAR-PAD specified for padstack P4049_PADS at (11679.43 11725.00).
    WARNING: Null REGULAR-PAD specified for padstack P4049_PADS at (11679.43 11725.00).
    WARNING: Null REGULAR-PAD specified for padstack P4049_PADS at (11679.43 11725.00).
    WARNING: Null REGULAR-PAD specified for padstack VIA at (11425.00 11975.00).
    WARNING: Null REGULAR-PAD specified for padstack VIA at (11425.00 11975.00).
    WARNING: Null REGULAR-PAD specified for padstack VIA at (11425.00 11975.00).
    WARNING: Null REGULAR-PAD specified for padstack VIA at (11425.00 11975.00).
    WARNING: Null REGULAR-PAD specified for padstack C195_H130 at (11493.70 12500.00).
    WARNING: Null REGULAR-PAD specified for padstack C195_H130 at (11493.70 12500.00).
    WARNING: Null REGULAR-PAD specified for padstack C195_H130 at (11493.70 12500.00).
    WARNING: Null REGULAR-PAD specified for padstack C195_H130 at (11493.70 12500.00).
    WARNING: Null REGULAR-PAD specified for padstack C195_H130 at (11493.70 12500.00).
    WARNING: Null REGULAR-PAD specified for padstack C195_H130 at (11493.70 12500.00).
    WARNING: Null REGULAR-PAD specified for padstack P_CD74HC4059 at (12020.00 11225.00).
    WARNING: Null REGULAR-PAD specified for padstack P_CD74HC4059 at (12020.00 11225.00).
    WARNING: Null REGULAR-PAD specified for padstack P_CD74HC4059 at (12020.00 11225.00).
    WARNING: Null REGULAR-PAD specified for padstack P_CD74HC4059 at (12020.00 11225.00).
    WARNING: Null REGULAR-PAD specified for padstack P_CD74HC4059 at (12020.00 11225.00).
    WARNING: Null REGULAR-PAD specified for padstack P_CD74HC4059 at (12020.00 11275.00).
    WARNING: Null REGULAR-PAD specified for padstack P_CD74HC4059 at (12020.00 11275.00).
    WARNING: Null REGULAR-PAD specified for padstack P_CD74HC4059 at (12020.00 11275.00).
    WARNING: Null REGULAR-PAD specified for padstack P_CD74HC4059 at (12020.00 11275.00).
    WARNING: Null REGULAR-PAD specified for padstack P_CD74HC4059 at (12020.00 11275.00).
    WARNING: Null REGULAR-PAD specified for padstack P_CD74HC4059 at (12020.00 11325.00).
    WARNING: Null REGULAR-PAD specified for padstack P_CD74HC4059 at (12020.00 11325.00).
    WARNING: Null REGULAR-PAD specified for padstack P_CD74HC4059 at (12020.00 11325.00).
    WARNING: Null REGULAR-PAD specified for padstack P_CD74HC4059 at (12020.00 11325.00).
    WARNING: Null REGULAR-PAD specified for padstack P_CD74HC4059 at (12020.00 11325.00).
    WARNING: Null REGULAR-PAD specified for padstack P_CD74HC4059 at (12020.00 11375.00).
    WARNING: Null REGULAR-PAD specified for padstack P_CD74HC4059 at (12020.00 11375.00).
    WARNING: Null REGULAR-PAD specified for padstack P_CD74HC4059 at (12020.00 11375.00).
    WARNING: Null REGULAR-PAD specified for padstack P_CD74HC4059 at (12020.00 11375.00).
    WARNING: Null REGULAR-PAD specified for padstack P_CD74HC4059 at (12020.00 11375.00).
    WARNING: Null REGULAR-PAD specified for padstack VIA at (11950.00 11200.00).
    WARNING: Null REGULAR-PAD specified for padstack VIA at (11950.00 11200.00).
    WARNING: Null REGULAR-PAD specified for padstack VIA at (11950.00 11200.00).
    WARNING: Null REGULAR-PAD specified for padstack VIA at (11950.00 11200.00).
    WARNING: Null REGULAR-PAD specified for padstack P_CD74HC4059 at (12020.00 11425.00).
    WARNING: Null REGULAR-PAD specified for padstack P_CD74HC4059 at (12020.00 11425.00).
    WARNING: Null REGULAR-PAD specified for padstack P_CD74HC4059 at (12020.00 11425.00).
    WARNING: Null REGULAR-PAD specified for padstack P_CD74HC4059 at (12020.00 11425.00).
    WARNING: Null REGULAR-PAD specified for padstack P_CD74HC4059 at (12020.00 11425.00).
    WARNING: Null REGULAR-PAD specified for padstack P_CD74HC4059 at (12020.00 11475.00).
    WARNING: Null REGULAR-PAD specified for padstack P_CD74HC4059 at (12020.00 11475.00).
    WARNING: Null REGULAR-PAD specified for padstack P_CD74HC4059 at (12020.00 11475.00).
    WARNING: Null REGULAR-PAD specified for padstack P_CD74HC4059 at (12020.00 11475.00).
    WARNING: Null REGULAR-PAD specified for padstack P_CD74HC4059 at (12020.00 11475.00).
    WARNING: Null REGULAR-PAD specified for padstack P_CD74HC4059 at (12020.00 11525.00).
    WARNING: Null REGULAR-PAD specified for padstack P_CD74HC4059 at (12020.00 11525.00).
    WARNING: Null REGULAR-PAD specified for padstack P_CD74HC4059 at (12020.00 11525.00).
    WARNING: Null REGULAR-PAD specified for padstack P_CD74HC4059 at (12020.00 11525.00).
    WARNING: Null REGULAR-PAD specified for padstack P_CD74HC4059 at (12020.00 11525.00).
    WARNING: Null REGULAR-PAD specified for padstack P_CD74HC4059 at (12020.00 11575.00).
    WARNING: Null REGULAR-PAD specified for padstack P_CD74HC4059 at (12020.00 11575.00).
    WARNING: Null REGULAR-PAD specified for padstack P_CD74HC4059 at (12020.00 11575.00).
    WARNING: Null REGULAR-PAD specified for padstack P_CD74HC4059 at (12020.00 11575.00).
    WARNING: Null REGULAR-PAD specified for padstack P_CD74HC4059 at (12020.00 11575.00).
    WARNING: Null REGULAR-PAD specified for padstack P_CD74HC4059 at (12020.00 11625.00).
    WARNING: Null REGULAR-PAD specified for padstack P_CD74HC4059 at (12020.00 11625.00).
    WARNING: Null REGULAR-PAD specified for padstack P_CD74HC4059 at (12020.00 11625.00).
    WARNING: Null REGULAR-PAD specified for padstack P_CD74HC4059 at (12020.00 11625.00).
    WARNING: Null REGULAR-PAD specified for padstack P_CD74HC4059 at (12020.00 11625.00).
    WARNING: Null REGULAR-PAD specified for padstack P_CD74HC4059 at (12020.00 11675.00).
    WARNING: Null REGULAR-PAD specified for padstack P_CD74HC4059 at (12020.00 11675.00).
    WARNING: Null REGULAR-PAD specified for padstack P_CD74HC4059 at (12020.00 11675.00).
    WARNING: Null REGULAR-PAD specified for padstack P_CD74HC4059 at (12020.00 11675.00).
    WARNING: Null REGULAR-PAD specified for padstack P_CD74HC4059 at (12020.00 11675.00).
    WARNING: Null REGULAR-PAD specified for padstack VIA at (11950.00 11625.00).
    WARNING: Null REGULAR-PAD specified for padstack VIA at (11950.00 11625.00).
    WARNING: Null REGULAR-PAD specified for padstack VIA at (11950.00 11625.00).
    WARNING: Null REGULAR-PAD specified for padstack VIA at (11950.00 11625.00).
    WARNING: Null REGULAR-PAD specified for padstack VIA at (11734.00 11625.00).
    WARNING: Null REGULAR-PAD specified for padstack VIA at (11734.00 11625.00).
    WARNING: Null REGULAR-PAD specified for padstack VIA at (11734.00 11625.00).
    WARNING: Null REGULAR-PAD specified for padstack VIA at (11734.00 11625.00).
    WARNING: Null REGULAR-PAD specified for padstack P_CD74HC4059 at (12020.00 11725.00).
    WARNING: Null REGULAR-PAD specified for padstack P_CD74HC4059 at (12020.00 11725.00).
    WARNING: Null REGULAR-PAD specified for padstack P_CD74HC4059 at (12020.00 11725.00).
    WARNING: Null REGULAR-PAD specified for padstack P_CD74HC4059 at (12020.00 11725.00).
    WARNING: Null REGULAR-PAD specified for padstack P_CD74HC4059 at (12020.00 11725.00).
    WARNING: Null REGULAR-PAD specified for padstack P_CD74HC4059 at (12020.00 11775.00).
    WARNING: Null REGULAR-PAD specified for padstack P_CD74HC4059 at (12020.00 11775.00).
    WARNING: Null REGULAR-PAD specified for padstack P_CD74HC4059 at (12020.00 11775.00).
    WARNING: Null REGULAR-PAD specified for padstack P_CD74HC4059 at (12020.00 11775.00).
    WARNING: Null REGULAR-PAD specified for padstack P_CD74HC4059 at (12020.00 11775.00).
    WARNING: Null REGULAR-PAD specified for padstack P_QUARTZ_CRYSTAL at (11875.00 12334.00).
    WARNING: Null REGULAR-PAD specified for padstack P_QUARTZ_CRYSTAL at (11875.00 12334.00).
    WARNING: Null REGULAR-PAD specified for padstack P_QUARTZ_CRYSTAL at (11875.00 12334.00).
    WARNING: Null REGULAR-PAD specified for padstack P_QUARTZ_CRYSTAL at (11875.00 12334.00).
    WARNING: Null REGULAR-PAD specified for padstack P_QUARTZ_CRYSTAL at (11875.00 12334.00).
    WARNING: Null REGULAR-PAD specified for padstack P_QUARTZ_CRYSTAL at (11875.00 12666.00).
    WARNING: Null REGULAR-PAD specified for padstack P_QUARTZ_CRYSTAL at (11875.00 12666.00).
    WARNING: Null REGULAR-PAD specified for padstack P_QUARTZ_CRYSTAL at (11875.00 12666.00).
    WARNING: Null REGULAR-PAD specified for padstack P_QUARTZ_CRYSTAL at (11875.00 12666.00).
    WARNING: Null REGULAR-PAD specified for padstack P_QUARTZ_CRYSTAL at (11875.00 12666.00).
    WARNING: Null REGULAR-PAD specified for padstack VIA at (12100.00 11325.00).
    WARNING: Null REGULAR-PAD specified for padstack VIA at (12100.00 11325.00).
    WARNING: Null REGULAR-PAD specified for padstack VIA at (12100.00 11325.00).
    WARNING: Null REGULAR-PAD specified for padstack VIA at (12100.00 11325.00).
    WARNING: Null REGULAR-PAD specified for padstack VIA at (12318.50 11325.00).
    WARNING: Null REGULAR-PAD specified for padstack VIA at (12318.50 11325.00).
    WARNING: Null REGULAR-PAD specified for padstack VIA at (12318.50 11325.00).
    WARNING: Null REGULAR-PAD specified for padstack VIA at (12318.50 11325.00).
    WARNING: Null REGULAR-PAD specified for padstack VIA at (12300.00 11575.00).
    WARNING: Null REGULAR-PAD specified for padstack VIA at (12300.00 11575.00).
    WARNING: Null REGULAR-PAD specified for padstack VIA at (12300.00 11575.00).
    WARNING: Null REGULAR-PAD specified for padstack VIA at (12300.00 11575.00).
    WARNING: Null REGULAR-PAD specified for padstack VIA at (12150.00 11750.00).
    WARNING: Null REGULAR-PAD specified for padstack VIA at (12150.00 11750.00).
    WARNING: Null REGULAR-PAD specified for padstack VIA at (12150.00 11750.00).
    WARNING: Null REGULAR-PAD specified for padstack VIA at (12150.00 11750.00).
    WARNING: Null REGULAR-PAD specified for padstack VIA at (12075.00 12225.00).
    WARNING: Null REGULAR-PAD specified for padstack VIA at (12075.00 12225.00).
    WARNING: Null REGULAR-PAD specified for padstack VIA at (12075.00 12225.00).
    WARNING: Null REGULAR-PAD specified for padstack VIA at (12075.00 12225.00).
    WARNING: Null REGULAR-PAD specified for padstack SM_LLB_PAD7_1 at (12200.00 12400.00).
    WARNING: Null REGULAR-PAD specified for padstack SM_LLB_PAD7_1 at (12200.00 12400.00).
    WARNING: Null REGULAR-PAD specified for padstack SM_LLB_PAD7_1 at (12200.00 12400.00).
    WARNING: Null REGULAR-PAD specified for padstack SM_LLB_PAD7_1 at (12200.00 12400.00).
    WARNING: Null REGULAR-PAD specified for padstack SM_LLB_PAD7_1 at (12200.00 12400.00).
    WARNING: Null REGULAR-PAD specified for padstack SM_LLB_PAD8_1 at (12200.00 12344.00).
    WARNING: Null REGULAR-PAD specified for padstack SM_LLB_PAD8_1 at (12200.00 12344.00).
    WARNING: Null REGULAR-PAD specified for padstack SM_LLB_PAD8_1 at (12200.00 12344.00).
    WARNING: Null REGULAR-PAD specified for padstack SM_LLB_PAD8_1 at (12200.00 12344.00).
    WARNING: Null REGULAR-PAD specified for padstack SM_LLB_PAD8_1 at (12200.00 12344.00).
    WARNING: Null REGULAR-PAD specified for padstack SM_LLB_PAD9_1 at (12200.00 12550.00).
    WARNING: Null REGULAR-PAD specified for padstack SM_LLB_PAD9_1 at (12200.00 12550.00).
    WARNING: Null REGULAR-PAD specified for padstack SM_LLB_PAD9_1 at (12200.00 12550.00).
    WARNING: Null REGULAR-PAD specified for padstack SM_LLB_PAD9_1 at (12200.00 12550.00).
    WARNING: Null REGULAR-PAD specified for padstack SM_LLB_PAD9_1 at (12200.00 12550.00).
    WARNING: Null REGULAR-PAD specified for padstack SM_LLB_PAD10_1 at (12200.00 12680.00).
    WARNING: Null REGULAR-PAD specified for padstack SM_LLB_PAD10_1 at (12200.00 12680.00).
    WARNING: Null REGULAR-PAD specified for padstack SM_LLB_PAD10_1 at (12200.00 12680.00).
    WARNING: Null REGULAR-PAD specified for padstack SM_LLB_PAD10_1 at (12200.00 12680.00).
    WARNING: Null REGULAR-PAD specified for padstack SM_LLB_PAD10_1 at (12200.00 12680.00).
    WARNING: Null REGULAR-PAD specified for padstack P_CD74HC4059 at (12380.00 11375.00).
    WARNING: Null REGULAR-PAD specified for padstack P_CD74HC4059 at (12380.00 11375.00).
    WARNING: Null REGULAR-PAD specified for padstack P_CD74HC4059 at (12380.00 11375.00).
    WARNING: Null REGULAR-PAD specified for padstack P_CD74HC4059 at (12380.00 11375.00).
    WARNING: Null REGULAR-PAD specified for padstack P_CD74HC4059 at (12380.00 11375.00).
    WARNING: Null REGULAR-PAD specified for padstack P_CD74HC4059 at (12380.00 11325.00).
    WARNING: Null REGULAR-PAD specified for padstack P_CD74HC4059 at (12380.00 11325.00).
    WARNING: Null REGULAR-PAD specified for padstack P_CD74HC4059 at (12380.00 11325.00).
    WARNING: Null REGULAR-PAD specified for padstack P_CD74HC4059 at (12380.00 11325.00).
    WARNING: Null REGULAR-PAD specified for padstack P_CD74HC4059 at (12380.00 11325.00).
    WARNING: Null REGULAR-PAD specified for padstack P_CD74HC4059 at (12380.00 11275.00).
    WARNING: Null REGULAR-PAD specified for padstack P_CD74HC4059 at (12380.00 11275.00).
    WARNING: Null REGULAR-PAD specified for padstack P_CD74HC4059 at (12380.00 11275.00).
    WARNING: Null REGULAR-PAD specified for padstack P_CD74HC4059 at (12380.00 11275.00).
    WARNING: Null REGULAR-PAD specified for padstack P_CD74HC4059 at (12380.00 11275.00).
    WARNING: Null REGULAR-PAD specified for padstack P_CD74HC4059 at (12380.00 11225.00).
    WARNING: Null REGULAR-PAD specified for padstack P_CD74HC4059 at (12380.00 11225.00).
    WARNING: Null REGULAR-PAD specified for padstack P_CD74HC4059 at (12380.00 11225.00).
    WARNING: Null REGULAR-PAD specified for padstack P_CD74HC4059 at (12380.00 11225.00).
    WARNING: Null REGULAR-PAD specified for padstack P_CD74HC4059 at (12380.00 11225.00).
    WARNING: Null REGULAR-PAD specified for padstack P_CD74HC4059 at (12380.00 11675.00).
    WARNING: Null REGULAR-PAD specified for padstack P_CD74HC4059 at (12380.00 11675.00).
    WARNING: Null REGULAR-PAD specified for padstack P_CD74HC4059 at (12380.00 11675.00).
    WARNING: Null REGULAR-PAD specified for padstack P_CD74HC4059 at (12380.00 11675.00).
    WARNING: Null REGULAR-PAD specified for padstack P_CD74HC4059 at (12380.00 11675.00).
    WARNING: Null REGULAR-PAD specified for padstack P_CD74HC4059 at (12380.00 11625.00).
    WARNING: Null REGULAR-PAD specified for padstack P_CD74HC4059 at (12380.00 11625.00).
    WARNING: Null REGULAR-PAD specified for padstack P_CD74HC4059 at (12380.00 11625.00).
    WARNING: Null REGULAR-PAD specified for padstack P_CD74HC4059 at (12380.00 11625.00).
    WARNING: Null REGULAR-PAD specified for padstack P_CD74HC4059 at (12380.00 11625.00).
    WARNING: Null REGULAR-PAD specified for padstack P_CD74HC4059 at (12380.00 11575.00).
    WARNING: Null REGULAR-PAD specified for padstack P_CD74HC4059 at (12380.00 11575.00).
    WARNING: Null REGULAR-PAD specified for padstack P_CD74HC4059 at (12380.00 11575.00).
    WARNING: Null REGULAR-PAD specified for padstack P_CD74HC4059 at (12380.00 11575.00).
    WARNING: Null REGULAR-PAD specified for padstack P_CD74HC4059 at (12380.00 11575.00).
    WARNING: Null REGULAR-PAD specified for padstack P_CD74HC4059 at (12380.00 11525.00).
    WARNING: Null REGULAR-PAD specified for padstack P_CD74HC4059 at (12380.00 11525.00).
    WARNING: Null REGULAR-PAD specified for padstack P_CD74HC4059 at (12380.00 11525.00).
    WARNING: Null REGULAR-PAD specified for padstack P_CD74HC4059 at (12380.00 11525.00).
    WARNING: Null REGULAR-PAD specified for padstack P_CD74HC4059 at (12380.00 11525.00).
    WARNING: Null REGULAR-PAD specified for padstack P_CD74HC4059 at (12380.00 11475.00).
    WARNING: Null REGULAR-PAD specified for padstack P_CD74HC4059 at (12380.00 11475.00).
    WARNING: Null REGULAR-PAD specified for padstack P_CD74HC4059 at (12380.00 11475.00).
    WARNING: Null REGULAR-PAD specified for padstack P_CD74HC4059 at (12380.00 11475.00).
    WARNING: Null REGULAR-PAD specified for padstack P_CD74HC4059 at (12380.00 11475.00).
    WARNING: Null REGULAR-PAD specified for padstack P_CD74HC4059 at (12380.00 11425.00).
    WARNING: Null REGULAR-PAD specified for padstack P_CD74HC4059 at (12380.00 11425.00).
    WARNING: Null REGULAR-PAD specified for padstack P_CD74HC4059 at (12380.00 11425.00).
    WARNING: Null REGULAR-PAD specified for padstack P_CD74HC4059 at (12380.00 11425.00).
    WARNING: Null REGULAR-PAD specified for padstack P_CD74HC4059 at (12380.00 11425.00).
    WARNING: Null REGULAR-PAD specified for padstack P_CD74HC4059 at (12380.00 11775.00).
    WARNING: Null REGULAR-PAD specified for padstack P_CD74HC4059 at (12380.00 11775.00).
    WARNING: Null REGULAR-PAD specified for padstack P_CD74HC4059 at (12380.00 11775.00).
    WARNING: Null REGULAR-PAD specified for padstack P_CD74HC4059 at (12380.00 11775.00).
    WARNING: Null REGULAR-PAD specified for padstack P_CD74HC4059 at (12380.00 11775.00).
    WARNING: Null REGULAR-PAD specified for padstack P_CD74HC4059 at (12380.00 11725.00).
    WARNING: Null REGULAR-PAD specified for padstack P_CD74HC4059 at (12380.00 11725.00).
    WARNING: Null REGULAR-PAD specified for padstack P_CD74HC4059 at (12380.00 11725.00).
    WARNING: Null REGULAR-PAD specified for padstack P_CD74HC4059 at (12380.00 11725.00).
    WARNING: Null REGULAR-PAD specified for padstack P_CD74HC4059 at (12380.00 11725.00).
    WARNING: Null REGULAR-PAD specified for padstack PROIECT_GP_3V2-126 at (12700.00 10875.00).
    WARNING: Null REGULAR-PAD specified for padstack PROIECT_GP_3V2-126 at (12700.00 10875.00).
    WARNING: Null REGULAR-PAD specified for padstack PROIECT_GP_3V2-126 at (12700.00 10875.00).
    WARNING: Null REGULAR-PAD specified for padstack PROIECT_GP_3V2-126 at (12700.00 10875.00).
    WARNING: Null REGULAR-PAD specified for padstack PROIECT_GP_3V2-126 at (12700.00 12750.00).
    WARNING: Null REGULAR-PAD specified for padstack PROIECT_GP_3V2-126 at (12700.00 12750.00).
    WARNING: Null REGULAR-PAD specified for padstack PROIECT_GP_3V2-126 at (12700.00 12750.00).
    WARNING: Null REGULAR-PAD specified for padstack PROIECT_GP_3V2-126 at (12700.00 12750.00).


  APERTURES USED:
  ---------------------------------------------------------
  TYPE       SIZE/NAME                   ROT   MIRROR MODE 
  ---------------------------------------------------------
  CIRCLE     0.00394                                  DARK 
  CIRCLE     0.00600                                  DARK 
  CIRCLE     0.00787                                  DARK 
  CIRCLE     0.01600                                  DARK 
  CIRCLE     0.02400                                  DARK 
  CIRCLE     0.04000                                  DARK 
  CIRCLE     0.04400                                  DARK 
  CIRCLE     0.06000                                  DARK 
  CIRCLE     0.07500                                  DARK 
  CIRCLE     0.07677                                  DARK 
  CIRCLE     0.14000                                  DARK 
  CIRCLE     0.15000                                  DARK 
  SQUARE     0.05000                     0.000 NO     DARK 
  SQUARE     0.06000                     0.000 NO     DARK 
  RECTANGLE  0.03800     x 0.03200       0.000 NO     DARK 
  RECTANGLE  0.06100     x 0.02360       0.000 NO     DARK 
  RECTANGLE  0.06700     x 0.02750       0.000 NO     DARK 
  RECTANGLE  0.07870     x 0.02360       0.000 NO     DARK 
  RECTANGLE  0.21650     x 0.15550      90.000 NO     DARK 

     BOARD_OUTLINE created with warnings


------------------------------------------------------
 SUMMARY:
        TOPL created with warnings
        BOTTOML created with warnings
        SOLDERMASK_TOP created with warnings
        SOLDERMASK_BOTTOM created with warnings
        SILKSCREEN_TOP created with warnings
        BOARD_OUTLINE created with warnings

 ARTWORK had warnings
